This is pdfTeX, Version 3.141592653-2.6-1.40.27 (TeX Live 2025) (preloaded format=pdflatex 2025.8.1)  13 MAY 2026 21:25
entering extended mode
 restricted \write18 enabled.
 %&-line parsing enabled.
**paper_journal.tex
(./paper_journal.tex
LaTeX2e <2024-11-01> patch level 2
L3 programming layer <2025-01-18>
(/usr/local/texlive/2025/texmf-dist/tex/latex/ieeetran/IEEEtran.cls
Document Class: IEEEtran 2015/08/26 V1.8b by Michael Shell
-- See the "IEEEtran_HOWTO" manual for usage information.
-- http://www.michaelshell.org/tex/ieeetran/
\@IEEEtrantmpdimenA=\dimen141
\@IEEEtrantmpdimenB=\dimen142
\@IEEEtrantmpdimenC=\dimen143
\@IEEEtrantmpcountA=\count196
\@IEEEtrantmpcountB=\count197
\@IEEEtrantmpcountC=\count198
\@IEEEtrantmptoksA=\toks17
LaTeX Font Info:    Trying to load font information for OT1+ptm on input line 5
03.
(/usr/local/texlive/2025/texmf-dist/tex/latex/psnfss/ot1ptm.fd
File: ot1ptm.fd 2001/06/04 font definitions for OT1/ptm.
)
-- Using 8.5in x 11in (letter) paper.
-- Using PDF output.
\@IEEEnormalsizeunitybaselineskip=\dimen144
-- This is a 10 point document.
\CLASSINFOnormalsizebaselineskip=\dimen145
\CLASSINFOnormalsizeunitybaselineskip=\dimen146
\IEEEnormaljot=\dimen147
LaTeX Font Info:    Font shape `OT1/ptm/bx/n' in size <5> not available
(Font)              Font shape `OT1/ptm/b/n' tried instead on input line 1090.
LaTeX Font Info:    Font shape `OT1/ptm/bx/it' in size <5> not available
(Font)              Font shape `OT1/ptm/b/it' tried instead on input line 1090.

LaTeX Font Info:    Font shape `OT1/ptm/bx/n' in size <7> not available
(Font)              Font shape `OT1/ptm/b/n' tried instead on input line 1090.
LaTeX Font Info:    Font shape `OT1/ptm/bx/it' in size <7> not available
(Font)              Font shape `OT1/ptm/b/it' tried instead on input line 1090.

LaTeX Font Info:    Font shape `OT1/ptm/bx/n' in size <8> not available
(Font)              Font shape `OT1/ptm/b/n' tried instead on input line 1090.
LaTeX Font Info:    Font shape `OT1/ptm/bx/it' in size <8> not available
(Font)              Font shape `OT1/ptm/b/it' tried instead on input line 1090.

LaTeX Font Info:    Font shape `OT1/ptm/bx/n' in size <9> not available
(Font)              Font shape `OT1/ptm/b/n' tried instead on input line 1090.
LaTeX Font Info:    Font shape `OT1/ptm/bx/it' in size <9> not available
(Font)              Font shape `OT1/ptm/b/it' tried instead on input line 1090.

LaTeX Font Info:    Font shape `OT1/ptm/bx/n' in size <10> not available
(Font)              Font shape `OT1/ptm/b/n' tried instead on input line 1090.
LaTeX Font Info:    Font shape `OT1/ptm/bx/it' in size <10> not available
(Font)              Font shape `OT1/ptm/b/it' tried instead on input line 1090.

LaTeX Font Info:    Font shape `OT1/ptm/bx/n' in size <11> not available
(Font)              Font shape `OT1/ptm/b/n' tried instead on input line 1090.
LaTeX Font Info:    Font shape `OT1/ptm/bx/it' in size <11> not available
(Font)              Font shape `OT1/ptm/b/it' tried instead on input line 1090.

LaTeX Font Info:    Font shape `OT1/ptm/bx/n' in size <12> not available
(Font)              Font shape `OT1/ptm/b/n' tried instead on input line 1090.
LaTeX Font Info:    Font shape `OT1/ptm/bx/it' in size <12> not available
(Font)              Font shape `OT1/ptm/b/it' tried instead on input line 1090.

LaTeX Font Info:    Font shape `OT1/ptm/bx/n' in size <17> not available
(Font)              Font shape `OT1/ptm/b/n' tried instead on input line 1090.
LaTeX Font Info:    Font shape `OT1/ptm/bx/it' in size <17> not available
(Font)              Font shape `OT1/ptm/b/it' tried instead on input line 1090.

LaTeX Font Info:    Font shape `OT1/ptm/bx/n' in size <20> not available
(Font)              Font shape `OT1/ptm/b/n' tried instead on input line 1090.
LaTeX Font Info:    Font shape `OT1/ptm/bx/it' in size <20> not available
(Font)              Font shape `OT1/ptm/b/it' tried instead on input line 1090.

LaTeX Font Info:    Font shape `OT1/ptm/bx/n' in size <24> not available
(Font)              Font shape `OT1/ptm/b/n' tried instead on input line 1090.
LaTeX Font Info:    Font shape `OT1/ptm/bx/it' in size <24> not available
(Font)              Font shape `OT1/ptm/b/it' tried instead on input line 1090.

\IEEEquantizedlength=\dimen148
\IEEEquantizedlengthdiff=\dimen149
\IEEEquantizedtextheightdiff=\dimen150
\IEEEilabelindentA=\dimen151
\IEEEilabelindentB=\dimen152
\IEEEilabelindent=\dimen153
\IEEEelabelindent=\dimen154
\IEEEdlabelindent=\dimen155
\IEEElabelindent=\dimen156
\IEEEiednormlabelsep=\dimen157
\IEEEiedmathlabelsep=\dimen158
\IEEEiedtopsep=\skip49
\c@section=\count199
\c@subsection=\count266
\c@subsubsection=\count267
\c@paragraph=\count268
\c@IEEEsubequation=\count269
\abovecaptionskip=\skip50
\belowcaptionskip=\skip51
\c@figure=\count270
\c@table=\count271
\@IEEEeqnnumcols=\count272
\@IEEEeqncolcnt=\count273
\@IEEEsubeqnnumrollback=\count274
\@IEEEquantizeheightA=\dimen159
\@IEEEquantizeheightB=\dimen160
\@IEEEquantizeheightC=\dimen161
\@IEEEquantizeprevdepth=\dimen162
\@IEEEquantizemultiple=\count275
\@IEEEquantizeboxA=\box52
\@IEEEtmpitemindent=\dimen163
\IEEEPARstartletwidth=\dimen164
\c@IEEEbiography=\count276
\@IEEEtranrubishbin=\box53
)
** ATTENTION: Overriding command lockouts (line 8).
(/usr/local/texlive/2025/texmf-dist/tex/latex/cite/cite.sty
LaTeX Info: Redefining \cite on input line 302.
LaTeX Info: Redefining \nocite on input line 332.
Package: cite 2015/02/27  v 5.5
)
(/usr/local/texlive/2025/texmf-dist/tex/latex/amsmath/amsmath.sty
Package: amsmath 2024/11/05 v2.17t AMS math features
\@mathmargin=\skip52

For additional information on amsmath, use the `?' option.
(/usr/local/texlive/2025/texmf-dist/tex/latex/amsmath/amstext.sty
Package: amstext 2021/08/26 v2.01 AMS text

(/usr/local/texlive/2025/texmf-dist/tex/latex/amsmath/amsgen.sty
File: amsgen.sty 1999/11/30 v2.0 generic functions
\@emptytoks=\toks18
\ex@=\dimen165
))
(/usr/local/texlive/2025/texmf-dist/tex/latex/amsmath/amsbsy.sty
Package: amsbsy 1999/11/29 v1.2d Bold Symbols
\pmbraise@=\dimen166
)
(/usr/local/texlive/2025/texmf-dist/tex/latex/amsmath/amsopn.sty
Package: amsopn 2022/04/08 v2.04 operator names
)
\inf@bad=\count277
LaTeX Info: Redefining \frac on input line 233.
\uproot@=\count278
\leftroot@=\count279
LaTeX Info: Redefining \overline on input line 398.
LaTeX Info: Redefining \colon on input line 409.
\classnum@=\count280
\DOTSCASE@=\count281
LaTeX Info: Redefining \ldots on input line 495.
LaTeX Info: Redefining \dots on input line 498.
LaTeX Info: Redefining \cdots on input line 619.
\Mathstrutbox@=\box54
\strutbox@=\box55
LaTeX Info: Redefining \big on input line 721.
LaTeX Info: Redefining \Big on input line 722.
LaTeX Info: Redefining \bigg on input line 723.
LaTeX Info: Redefining \Bigg on input line 724.
\big@size=\dimen167
LaTeX Font Info:    Redeclaring font encoding OML on input line 742.
LaTeX Font Info:    Redeclaring font encoding OMS on input line 743.
\macc@depth=\count282
LaTeX Info: Redefining \bmod on input line 904.
LaTeX Info: Redefining \pmod on input line 909.
LaTeX Info: Redefining \smash on input line 939.
LaTeX Info: Redefining \relbar on input line 969.
LaTeX Info: Redefining \Relbar on input line 970.
\c@MaxMatrixCols=\count283
\dotsspace@=\muskip17
\c@parentequation=\count284
\dspbrk@lvl=\count285
\tag@help=\toks19
\row@=\count286
\column@=\count287
\maxfields@=\count288
\andhelp@=\toks20
\eqnshift@=\dimen168
\alignsep@=\dimen169
\tagshift@=\dimen170
\tagwidth@=\dimen171
\totwidth@=\dimen172
\lineht@=\dimen173
\@envbody=\toks21
\multlinegap=\skip53
\multlinetaggap=\skip54
\mathdisplay@stack=\toks22
LaTeX Info: Redefining \[ on input line 2953.
LaTeX Info: Redefining \] on input line 2954.
)
(/usr/local/texlive/2025/texmf-dist/tex/latex/amsfonts/amssymb.sty
Package: amssymb 2013/01/14 v3.01 AMS font symbols

(/usr/local/texlive/2025/texmf-dist/tex/latex/amsfonts/amsfonts.sty
Package: amsfonts 2013/01/14 v3.01 Basic AMSFonts support
\symAMSa=\mathgroup4
\symAMSb=\mathgroup5
LaTeX Font Info:    Redeclaring math symbol \hbar on input line 98.
LaTeX Font Info:    Overwriting math alphabet `\mathfrak' in version `bold'
(Font)                  U/euf/m/n --> U/euf/b/n on input line 106.
))
(/usr/local/texlive/2025/texmf-dist/tex/latex/algorithms/algorithm.sty
Package: algorithm 2009/08/24 v0.1 Document Style `algorithm' - floating enviro
nment

(/usr/local/texlive/2025/texmf-dist/tex/latex/float/float.sty
Package: float 2001/11/08 v1.3d Float enhancements (AL)
\c@float@type=\count289
\float@exts=\toks23
\float@box=\box56
\@float@everytoks=\toks24
\@floatcapt=\box57
)
(/usr/local/texlive/2025/texmf-dist/tex/latex/base/ifthen.sty
Package: ifthen 2024/03/16 v1.1e Standard LaTeX ifthen package (DPC)
)
\@float@every@algorithm=\toks25
\c@algorithm=\count290
)
(/usr/local/texlive/2025/texmf-dist/tex/latex/algorithms/algorithmic.sty
Package: algorithmic 2009/08/24 v0.1 Document Style `algorithmic'

(/usr/local/texlive/2025/texmf-dist/tex/latex/graphics/keyval.sty
Package: keyval 2022/05/29 v1.15 key=value parser (DPC)
\KV@toks@=\toks26
)
\c@ALC@unique=\count291
\c@ALC@line=\count292
\c@ALC@rem=\count293
\c@ALC@depth=\count294
\ALC@tlm=\skip55
\algorithmicindent=\skip56
)
(/usr/local/texlive/2025/texmf-dist/tex/latex/graphics/graphicx.sty
Package: graphicx 2021/09/16 v1.2d Enhanced LaTeX Graphics (DPC,SPQR)

(/usr/local/texlive/2025/texmf-dist/tex/latex/graphics/graphics.sty
Package: graphics 2024/08/06 v1.4g Standard LaTeX Graphics (DPC,SPQR)

(/usr/local/texlive/2025/texmf-dist/tex/latex/graphics/trig.sty
Package: trig 2023/12/02 v1.11 sin cos tan (DPC)
)
(/usr/local/texlive/2025/texmf-dist/tex/latex/graphics-cfg/graphics.cfg
File: graphics.cfg 2016/06/04 v1.11 sample graphics configuration
)
Package graphics Info: Driver file: pdftex.def on input line 106.

(/usr/local/texlive/2025/texmf-dist/tex/latex/graphics-def/pdftex.def
File: pdftex.def 2024/04/13 v1.2c Graphics/color driver for pdftex
))
\Gin@req@height=\dimen174
\Gin@req@width=\dimen175
)
(/usr/local/texlive/2025/texmf-dist/tex/latex/base/textcomp.sty
Package: textcomp 2024/04/24 v2.1b Standard LaTeX package
)
(/usr/local/texlive/2025/texmf-dist/tex/latex/xcolor/xcolor.sty
Package: xcolor 2024/09/29 v3.02 LaTeX color extensions (UK)

(/usr/local/texlive/2025/texmf-dist/tex/latex/graphics-cfg/color.cfg
File: color.cfg 2016/01/02 v1.6 sample color configuration
)
Package xcolor Info: Driver file: pdftex.def on input line 274.

(/usr/local/texlive/2025/texmf-dist/tex/latex/graphics/mathcolor.ltx)
Package xcolor Info: Model `cmy' substituted by `cmy0' on input line 1349.
Package xcolor Info: Model `hsb' substituted by `rgb' on input line 1353.
Package xcolor Info: Model `RGB' extended on input line 1365.
Package xcolor Info: Model `HTML' substituted by `rgb' on input line 1367.
Package xcolor Info: Model `Hsb' substituted by `hsb' on input line 1368.
Package xcolor Info: Model `tHsb' substituted by `hsb' on input line 1369.
Package xcolor Info: Model `HSB' substituted by `hsb' on input line 1370.
Package xcolor Info: Model `Gray' substituted by `gray' on input line 1371.
Package xcolor Info: Model `wave' substituted by `hsb' on input line 1372.
)
(/usr/local/texlive/2025/texmf-dist/tex/latex/booktabs/booktabs.sty
Package: booktabs 2020/01/12 v1.61803398 Publication quality tables
\heavyrulewidth=\dimen176
\lightrulewidth=\dimen177
\cmidrulewidth=\dimen178
\belowrulesep=\dimen179
\belowbottomsep=\dimen180
\aboverulesep=\dimen181
\abovetopsep=\dimen182
\cmidrulesep=\dimen183
\cmidrulekern=\dimen184
\defaultaddspace=\dimen185
\@cmidla=\count295
\@cmidlb=\count296
\@aboverulesep=\dimen186
\@belowrulesep=\dimen187
\@thisruleclass=\count297
\@lastruleclass=\count298
\@thisrulewidth=\dimen188
)
(/usr/local/texlive/2025/texmf-dist/tex/latex/microtype/microtype.sty
Package: microtype 2025/02/11 v3.2a Micro-typographical refinements (RS)

(/usr/local/texlive/2025/texmf-dist/tex/latex/etoolbox/etoolbox.sty
Package: etoolbox 2025/02/11 v2.5l e-TeX tools for LaTeX (JAW)
\etb@tempcnta=\count299
)
\MT@toks=\toks27
\MT@tempbox=\box58
\MT@count=\count300
LaTeX Info: Redefining \noprotrusionifhmode on input line 1087.
LaTeX Info: Redefining \leftprotrusion on input line 1088.
\MT@prot@toks=\toks28
LaTeX Info: Redefining \rightprotrusion on input line 1107.
LaTeX Info: Redefining \textls on input line 1449.
\MT@outer@kern=\dimen189
LaTeX Info: Redefining \microtypecontext on input line 2053.
LaTeX Info: Redefining \textmicrotypecontext on input line 2070.
\MT@listname@count=\count301

(/usr/local/texlive/2025/texmf-dist/tex/latex/microtype/microtype-pdftex.def
File: microtype-pdftex.def 2025/02/11 v3.2a Definitions specific to pdftex (RS)

LaTeX Info: Redefining \lsstyle on input line 944.
LaTeX Info: Redefining \lslig on input line 944.
\MT@outer@space=\skip57
)
Package microtype Info: Loading configuration file microtype.cfg.

(/usr/local/texlive/2025/texmf-dist/tex/latex/microtype/microtype.cfg
File: microtype.cfg 2025/02/11 v3.2a microtype main configuration file (RS)
)
LaTeX Info: Redefining \microtypesetup on input line 3065.
)
(/usr/local/texlive/2025/texmf-dist/tex/latex/url/url.sty
\Urlmuskip=\muskip18
Package: url 2013/09/16  ver 3.4  Verb mode for urls, etc.
)
(/usr/local/texlive/2025/texmf-dist/tex/latex/multirow/multirow.sty
Package: multirow 2024/11/12 v2.9 Span multiple rows of a table
\multirow@colwidth=\skip58
\multirow@cntb=\count302
\multirow@dima=\skip59
\bigstrutjot=\dimen190
)
(/usr/local/texlive/2025/texmf-dist/tex/latex/listings/listings.sty
\lst@mode=\count303
\lst@gtempboxa=\box59
\lst@token=\toks29
\lst@length=\count304
\lst@currlwidth=\dimen191
\lst@column=\count305
\lst@pos=\count306
\lst@lostspace=\dimen192
\lst@width=\dimen193
\lst@newlines=\count307
\lst@lineno=\count308
\lst@maxwidth=\dimen194

(/usr/local/texlive/2025/texmf-dist/tex/latex/listings/lstpatch.sty
File: lstpatch.sty 2024/09/23 1.10c (Carsten Heinz)
)
(/usr/local/texlive/2025/texmf-dist/tex/latex/listings/lstmisc.sty
File: lstmisc.sty 2024/09/23 1.10c (Carsten Heinz)
\c@lstnumber=\count309
\lst@skipnumbers=\count310
\lst@framebox=\box60
)
(/usr/local/texlive/2025/texmf-dist/tex/latex/listings/listings.cfg
File: listings.cfg 2024/09/23 1.10c listings configuration
))
Package: listings 2024/09/23 1.10c (Carsten Heinz)

(/usr/local/texlive/2025/texmf-dist/tex/latex/preprint/balance.sty
Package: balance 1999/02/23 4.3 (PWD)
\oldvsize=\dimen195
)
(/usr/local/texlive/2025/texmf-dist/tex/latex/tools/array.sty
Package: array 2024/10/17 v2.6g Tabular extension package (FMi)
\col@sep=\dimen196
\ar@mcellbox=\box61
\extrarowheight=\dimen197
\NC@list=\toks30
\extratabsurround=\skip60
\backup@length=\skip61
\ar@cellbox=\box62
)
(/usr/local/texlive/2025/texmf-dist/tex/latex/l3backend/l3backend-pdftex.def
File: l3backend-pdftex.def 2024-05-08 L3 backend support: PDF output (pdfTeX)
\l__color_backend_stack_int=\count311
\l__pdf_internal_box=\box63
)
(./paper_journal.aux)
\openout1 = `paper_journal.aux'.

LaTeX Font Info:    Checking defaults for OML/cmm/m/it on input line 35.
LaTeX Font Info:    ... okay on input line 35.
LaTeX Font Info:    Checking defaults for OMS/cmsy/m/n on input line 35.
LaTeX Font Info:    ... okay on input line 35.
LaTeX Font Info:    Checking defaults for OT1/cmr/m/n on input line 35.
LaTeX Font Info:    ... okay on input line 35.
LaTeX Font Info:    Checking defaults for T1/cmr/m/n on input line 35.
LaTeX Font Info:    ... okay on input line 35.
LaTeX Font Info:    Checking defaults for TS1/cmr/m/n on input line 35.
LaTeX Font Info:    ... okay on input line 35.
LaTeX Font Info:    Checking defaults for OMX/cmex/m/n on input line 35.
LaTeX Font Info:    ... okay on input line 35.
LaTeX Font Info:    Checking defaults for U/cmr/m/n on input line 35.
LaTeX Font Info:    ... okay on input line 35.

-- Lines per column: 58 (exact).
(/usr/local/texlive/2025/texmf-dist/tex/context/base/mkii/supp-pdf.mkii
[Loading MPS to PDF converter (version 2006.09.02).]
\scratchcounter=\count312
\scratchdimen=\dimen198
\scratchbox=\box64
\nofMPsegments=\count313
\nofMParguments=\count314
\everyMPshowfont=\toks31
\MPscratchCnt=\count315
\MPscratchDim=\dimen199
\MPnumerator=\count316
\makeMPintoPDFobject=\count317
\everyMPtoPDFconversion=\toks32
) (/usr/local/texlive/2025/texmf-dist/tex/latex/epstopdf-pkg/epstopdf-base.sty
Package: epstopdf-base 2020-01-24 v2.11 Base part for package epstopdf
Package epstopdf-base Info: Redefining graphics rule for `.eps' on input line 4
85.

(/usr/local/texlive/2025/texmf-dist/tex/latex/latexconfig/epstopdf-sys.cfg
File: epstopdf-sys.cfg 2010/07/13 v1.3 Configuration of (r)epstopdf for TeX Liv
e
))
LaTeX Info: Redefining \microtypecontext on input line 35.
Package microtype Info: Applying patch `item' on input line 35.
Package microtype Info: Applying patch `toc' on input line 35.
Package microtype Info: Applying patch `eqnum' on input line 35.
Package microtype Info: Applying patch `footnote' on input line 35.
Package microtype Info: Applying patch `verbatim' on input line 35.
LaTeX Info: Redefining \microtypesetup on input line 35.
Package microtype Info: Generating PDF output.
Package microtype Info: Character protrusion enabled (level 2).
Package microtype Info: Using default protrusion set `alltext'.
Package microtype Info: Automatic font expansion enabled (level 2),
(microtype)             stretch: 20, shrink: 20, step: 1, non-selected.
Package microtype Info: Using default expansion set `alltext-nott'.
LaTeX Info: Redefining \showhyphens on input line 35.
Package microtype Info: No adjustment of tracking.
Package microtype Info: No adjustment of interword spacing.
Package microtype Info: No adjustment of character kerning.

(/usr/local/texlive/2025/texmf-dist/tex/latex/microtype/mt-ptm.cfg
File: mt-ptm.cfg 2006/04/20 v1.7 microtype config. file: Times (RS)
)
\c@lstlisting=\count318
LaTeX Font Info:    Trying to load font information for OMS+ptm on input line 5
8.

(/usr/local/texlive/2025/texmf-dist/tex/latex/psnfss/omsptm.fd
File: omsptm.fd 
)
LaTeX Font Info:    Font shape `OMS/ptm/m/n' in size <11> not available
(Font)              Font shape `OMS/cmsy/m/n' tried instead on input line 58.

** WARNING: \and is valid only when in conference or peerreviewca
modes (line 58).
(/usr/local/texlive/2025/texmf-dist/tex/latex/microtype/mt-cmr.cfg
File: mt-cmr.cfg 2013/05/19 v2.2 microtype config. file: Computer Modern Roman 
(RS)
)
LaTeX Font Info:    Trying to load font information for U+msa on input line 75.


(/usr/local/texlive/2025/texmf-dist/tex/latex/amsfonts/umsa.fd
File: umsa.fd 2013/01/14 v3.01 AMS symbols A
)
(/usr/local/texlive/2025/texmf-dist/tex/latex/microtype/mt-msa.cfg
File: mt-msa.cfg 2006/02/04 v1.1 microtype config. file: AMS symbols (a) (RS)
)
LaTeX Font Info:    Trying to load font information for U+msb on input line 75.


(/usr/local/texlive/2025/texmf-dist/tex/latex/amsfonts/umsb.fd
File: umsb.fd 2013/01/14 v3.01 AMS symbols B
)
(/usr/local/texlive/2025/texmf-dist/tex/latex/microtype/mt-msb.cfg
File: mt-msb.cfg 2005/06/01 v1.0 microtype config. file: AMS symbols (b) (RS)
)
LaTeX Font Info:    Trying to load font information for OT1+pcr on input line 8
2.

(/usr/local/texlive/2025/texmf-dist/tex/latex/psnfss/ot1pcr.fd
File: ot1pcr.fd 2001/06/04 font definitions for OT1/pcr.
)
Package microtype Info: Loading generic protrusion settings for font family
(microtype)             `pcr' (encoding: OT1).
(microtype)             For optimal results, create family-specific settings.
(microtype)             See the microtype manual for details.
LaTeX Font Info:    Trying to load font information for OML+pcr on input line 8
2.

(/usr/local/texlive/2025/texmf-dist/tex/latex/psnfss/omlpcr.fd
File: omlpcr.fd 
)
LaTeX Font Info:    Font shape `OML/pcr/b/n' in size <9> not available
(Font)              Font shape `OML/cmm/b/it' tried instead on input line 82.

Underfull \vbox (badness 10000) has occurred while \output is active []





[1{/usr/local/texlive/2025/texmf-var/fonts/map/pdftex/updmap/pdftex.map}{/usr/l
ocal/texlive/2025/texmf-dist/fonts/enc/dvips/base/8r.enc}


]
LaTeX Font Info:    Font shape `OML/pcr/m/n' in size <10> not available
(Font)              Font shape `OML/cmm/m/it' tried instead on input line 157.

Underfull \hbox (badness 3364) in paragraph at lines 155--167
[]\OT1/ptm/m/n/10 (+20) ArcFS ad-dresses all three chal-lenges within a sin-
 []





[2]
Underfull \hbox (badness 2119) in paragraph at lines 309--314
[]\OT1/ptm/m/n/10 (+20) Rosenblum and Ouster-hout [12] es-tab-lished the log-
 []





[3]
Underfull \hbox (badness 7291) in paragraph at lines 405--410
\OT1/pcr/m/n/10 Arc\OML/cmm/m/it/10 <\OT1/pcr/m/n/10 RwLock\OML/cmm/m/it/10 <\O
T1/pcr/m/n/10 Inode\OML/cmm/m/it/10 >>>>> \OT1/ptm/m/n/10 (+20) and a per-sis-t
ent sled
 []


Underfull \hbox (badness 1946) in paragraph at lines 421--436
[]\OT1/ptm/m/n/10 (+20) File cre-ation ex-e-cutes a five-step atomic trans-ac-t
ion:
 []




Underfull \hbox (badness 2205) in paragraph at lines 441--443
[]\OT1/ptm/m/n/10 (+20) Global reg-istry \OT1/pcr/m/n/10 RwLock \OT1/ptm/m/n/10
 (+20) (short-est crit-i-cal sec-tion;
 []


Overfull \hbox (87.05933pt too wide) in paragraph at lines 469--476
[]\OT1/ptm/b/n/10 (-20) Data map\OT1/ptm/m/n/10 (-20) : \OT1/pcr/m/n/10 Arc\OML
/cmm/m/it/10 <\OT1/pcr/m/n/10 RwLock\OML/cmm/m/it/10 <\OT1/pcr/m/n/10 HashMap\O
ML/cmm/m/it/10 <\OT1/pcr/m/n/10 u64,(Vec\OML/cmm/m/it/10 <\OT1/pcr/m/n/10 u8\OM
L/cmm/m/it/10 >\OT1/pcr/m/n/10 ,bool)\OML/cmm/m/it/10 >>>>\OT1/ptm/m/n/10 (-20)
 ,
 []


Underfull \hbox (badness 10000) in paragraph at lines 483--484
[]\OT1/ptm/m/n/10 (+20) The cache ca-pac-ity is 1,024 en-tries (con-stant
 []


Underfull \hbox (badness 10000) in paragraph at lines 486--494
 \OT1/ptm/m/it/10 (+20) a) Write path.: [][] \OT1/ptm/m/n/10 (+20) A FUSE \OT1/
pcr/m/n/10 write
 []


Underfull \hbox (badness 10000) in paragraph at lines 486--494
\OT1/ptm/m/n/10 (+20) call lo-cates the tar-get in-ode's en-try us-ing
 []


Underfull \hbox (badness 10000) in paragraph at lines 486--494
\OT1/pcr/m/n/10 HashMap::entry().or_insert_with()\OT1/ptm/m/n/10 (+20) , which
 []


Underfull \hbox (badness 1389) in paragraph at lines 496--504
 \OT1/ptm/m/it/10 (+20) b) LRU main-te-nance.: [][] \OT1/ptm/m/n/10 (+20) Ev-er
y cache ac-cess in-vokes
 []


Underfull \hbox (badness 10000) in paragraph at lines 496--504
\OT1/pcr/m/n/10 touch_cache_entry(ino)\OT1/ptm/m/n/10 (+20) , which ac-quires t
he
 []


Underfull \hbox (badness 4341) in paragraph at lines 496--504
\OT1/pcr/m/n/10 VecDeque \OT1/ptm/m/n/10 (+20) write lock, scans the deque lin-
early for
 []



[4]
Underfull \hbox (badness 10000) in paragraph at lines 512--517
[]\OT1/ptm/m/n/10 (+20) If the en-try is dirty (flag = \OT1/pcr/m/n/10 true\OT1
/ptm/m/n/10 (+20) ), call
 []


Underfull \hbox (badness 10000) in paragraph at lines 512--517
\OT1/pcr/m/n/10 flush_inode_cache(ino)\OT1/ptm/m/n/10 (+20) : read the buffer
 []


Underfull \hbox (badness 1661) in paragraph at lines 523--531
 \OT1/ptm/m/it/10 (+20) d) Flush trig-gers.: [][] \OT1/ptm/m/n/10 (+20) The pip
eline ac-ti-vates at three
 []


Underfull \hbox (badness 10000) in paragraph at lines 536--540
 \OT1/ptm/m/it/10 (+20) a) Gear-hash ta-ble con-struc-tion.: [][] \OT1/ptm/m/n/
10 (+20) The 256-entry
 []


Underfull \hbox (badness 6893) in paragraph at lines 536--540
\OT1/pcr/m/n/10 GEAR_MATRIX \OT1/ptm/m/n/10 (+20) is a compile-time con-stant b
uilt by
 []


Underfull \hbox (badness 10000) in paragraph at lines 536--540
\OT1/pcr/m/n/10 build_gear_matrix()\OT1/ptm/m/n/10 (+20) , a \OT1/pcr/m/n/10 co
nst fn \OT1/ptm/m/n/10 (+20) that chains
 []


Overfull \hbox (60.86581pt too wide) detected at line 545
[]\OT1/cmr/m/n/10 [\OML/cmm/m/it/10 i\OT1/cmr/m/n/10 ]  \OMS/cmsy/m/n/10    [] 
 []
 []




Underfull \hbox (badness 2027) in paragraph at lines 579--590
 \OT1/ptm/m/it/10 (+20) d) Cross-file iso-la-tion.: [][] \OT1/ptm/m/n/10 (+20) 
Ar-cFS guar-an-tees that the
 []


Underfull \hbox (badness 6016) in paragraph at lines 579--590
\OT1/ptm/m/n/10 (+20) rolling hash state of one file never in-flu-ences the
 []


Underfull \hbox (badness 4108) in paragraph at lines 579--590
\OT1/ptm/m/n/10 (+20) chunk bound-aries of a sub-se-quent file. This guar-an-
 []


Underfull \hbox (badness 10000) in paragraph at lines 592--592
[]\OT1/ptm/b/n/10 (+20) Algorithm 1 \OT1/ptm/m/n/10 (+20) CDC Bound-ary De-tec-
tion in
 []

LaTeX Font Info:    Font shape `OMS/ptm/m/n' in size <10> not available
(Font)              Font shape `OMS/cmsy/m/n' tried instead on input line 609.

Underfull \hbox (badness 10000) in paragraph at lines 622--625
[]\OT1/ptm/m/n/10 (+20) After chunk-ing, each chunk is pro-cessed by
 []


Underfull \hbox (badness 5133) in paragraph at lines 622--625
\OT1/pcr/m/n/10 write_chunk()\OT1/ptm/m/n/10 (+20) . The SHA-256 di-gest is com
-puted
 []


Underfull \hbox (badness 3250) in paragraph at lines 622--625
\OT1/ptm/m/n/10 (+20) over the \OT1/ptm/m/it/10 (+20) un-com-pressed \OT1/ptm/m
/n/10 (+20) bytes be-fore any com-pres-sion
 []

LaTeX Font Info:    Trying to load font information for OMS+pcr on input line 6
34.
(/usr/local/texlive/2025/texmf-dist/tex/latex/psnfss/omspcr.fd
File: omspcr.fd 
)
LaTeX Font Info:    Font shape `OMS/pcr/m/n' in size <10> not available
(Font)              Font shape `OMS/cmsy/m/n' tried instead on input line 634.

Underfull \hbox (badness 10000) in paragraph at lines 633--639
[]\OT1/ptm/m/n/10 (+20) The chunk is stored at path
 []


Underfull \hbox (badness 10000) in paragraph at lines 633--639
\OT1/pcr/m/n/10 cas/\OMS/cmsy/m/n/10 f\OT1/pcr/m/n/10 hash[0:2]\OMS/cmsy/m/n/10
 g\OT1/pcr/m/n/10 /\OMS/cmsy/m/n/10 f\OT1/pcr/m/n/10 hash[2:]\OMS/cmsy/m/n/10 g
 \OT1/ptm/m/n/10 (+20) un-der the stor-age
 []


Underfull \hbox (badness 2591) in paragraph at lines 633--639
\OT1/ptm/m/n/10 (+20) hex-adec-i-mal char-ac-ters as a sub-di-rec-tory name---l
imits
 []



[5]
LaTeX Font Info:    Font shape `OML/pcr/m/n' in size <8> not available
(Font)              Font shape `OML/cmm/m/it' tried instead on input line 678.

Overfull \hbox (11.00339pt too wide) in paragraph at lines 674--692
 [][] 
 []




Underfull \hbox (badness 10000) in paragraph at lines 724--724
[] []\OT1/ptm/b/n/10 (+20) for all $\OT1/cmr/m/n/10 ([]\OML/cmm/m/it/10 ;  []\O
T1/cmr/m/n/10 )$ \OT1/ptm/m/n/10 (+20) in
 []


Underfull \hbox (badness 10000) in paragraph at lines 730--732
[] []$[] \OMS/cmsy/m/n/10   []\OML/cmm/m/it/10 :[]\OT1/cmr/m/n/10 ()$ \OMS/cmsy
/m/n/10 f\OT1/ptm/m/n/10 (+20) walks
 []


Underfull \hbox (badness 2359) in paragraph at lines 755--763
\OT1/ptm/m/n/10 (+20) the CAS di-rec-tory tree by call-ing \OT1/pcr/m/n/10 fs::
read_dir()
 []


Underfull \hbox (badness 10000) in paragraph at lines 755--763
\OT1/ptm/m/n/10 (+20) on the two-level sharded di-rec-tory struc-ture
 []


Underfull \hbox (badness 2495) in paragraph at lines 755--763
\OT1/ptm/m/n/10 (+20) the par-ent two-character sub-di-rec-tory is then re-move
d
 []



[6]
Overfull \hbox (33.96622pt too wide) in paragraph at lines 806--813
[]\OT1/ptm/m/n/10 (-20) Call \OT1/pcr/m/n/10 clone_subtree_from_metadata(FUSE_R
OOT_ID,
 []




Underfull \hbox (badness 10000) in paragraph at lines 842--847
\OT1/ptm/m/n/10 (+20) replies. The \OT1/pcr/m/n/10 write()\OT1/ptm/m/n/10 (+20)
 , \OT1/pcr/m/n/10 create()\OT1/ptm/m/n/10 (+20) , \OT1/pcr/m/n/10 mkdir()\OT1/
ptm/m/n/10 (+20) , and
 []


Underfull \hbox (badness 10000) in paragraph at lines 868--878
 \OT1/ptm/m/it/10 (+20) b) In-memory in-dexes.: [][] \OT1/ptm/m/n/10 (+20) At m
ount time,
 []


Underfull \hbox (badness 10000) in paragraph at lines 868--878
\OT1/pcr/m/n/10 hydrate_tree() \OT1/ptm/m/n/10 (+20) pop-u-lates both per-sis-t
ent
 []


Underfull \hbox (badness 10000) in paragraph at lines 868--878
\OT1/ptm/m/n/10 (+20) in-dexes into mem-ory. The for-ward in-memory
 []


Underfull \hbox (badness 10000) in paragraph at lines 868--878
\OT1/ptm/m/n/10 (+20) in-dex is rep-re-sented as \OT1/pcr/m/n/10 tag_virtual_di
rs:
 []


Overfull \hbox (37.14375pt too wide) in paragraph at lines 868--878
\OT1/pcr/m/n/10 Arc\OML/cmm/m/it/10 <\OT1/pcr/m/n/10 RwLock\OML/cmm/m/it/10 <\O
T1/pcr/m/n/10 HashMap\OML/cmm/m/it/10 <\OT1/pcr/m/n/10 u64,TagVirtualDirContext
\OML/cmm/m/it/10 >>>
 []


Underfull \hbox (badness 10000) in paragraph at lines 868--878
\OT1/ptm/m/n/10 (+20) map-ping vir-tual di-rec-tory in-ode IDs to their tag
 []


Underfull \hbox (badness 10000) in paragraph at lines 868--878
\OT1/ptm/m/n/10 (+20) lists. The re-verse in-dex for virtual-to-real file
 []


Underfull \hbox (badness 10000) in paragraph at lines 868--878
\OT1/ptm/m/n/10 (+20) map-ping is stored in \OT1/pcr/m/n/10 tag_virtual_files:
 []


Overfull \hbox (43.84375pt too wide) in paragraph at lines 868--878
\OT1/pcr/m/n/10 Arc\OML/cmm/m/it/10 <\OT1/pcr/m/n/10 RwLock\OML/cmm/m/it/10 <\O
T1/pcr/m/n/10 HashMap\OML/cmm/m/it/10 <\OT1/pcr/m/n/10 u64,TagVirtualFileContex
t\OML/cmm/m/it/10 >>>\OT1/ptm/m/n/10 (-20) .
 []


Underfull \hbox (badness 1577) in paragraph at lines 868--878
\OT1/ptm/m/n/10 (+20) virtual-inode bi-jec-tion to pre-vent ID du-pli-ca-tion a
cross
 []

LaTeX Font Info:    Font shape `OT1/pcr/m/it' in size <10> not available
(Font)              Font shape `OT1/pcr/m/sl' tried instead on input line 880.

Underfull \hbox (badness 2894) in paragraph at lines 880--888
\OT1/pcr/m/n/10 mnt/@tags/work/reports/ \OT1/ptm/m/n/10 (+20) trig-gers a se-qu
ence of
 []


Underfull \hbox (badness 1371) in paragraph at lines 880--888
\OT1/pcr/m/n/10 lookup() \OT1/ptm/m/n/10 (+20) calls for \OT1/pcr/m/n/10 @tags\
OT1/ptm/m/n/10 (+20) , \OT1/pcr/m/n/10 work\OT1/ptm/m/n/10 (+20) , and \OT1/pcr
/m/n/10 reports \OT1/ptm/m/n/10 (+20) in
 []


Underfull \hbox (badness 2042) in paragraph at lines 888--890
[]\OT1/ptm/m/n/10 (+20) Load the first tag's in-ode set from sled into a
 []


Underfull \hbox (badness 10000) in paragraph at lines 890--893
[]\OT1/ptm/m/n/10 (+20) For each sub-se-quent tag, load its in-ode
 []


Underfull \hbox (badness 10000) in paragraph at lines 890--893
\OT1/ptm/m/n/10 (+20) set and call \OT1/pcr/m/n/10 candidates.retain(|id|
 []


Underfull \hbox (badness 10000) in paragraph at lines 895--899
\OT1/ptm/m/n/10 (+20) The path is order-independent:
 []


Underfull \hbox (badness 10000) in paragraph at lines 895--899
\OT1/pcr/m/n/10 mnt/@tags/reports/work/ \OT1/ptm/m/n/10 (+20) ap-plies the same

 []



[7]
Underfull \hbox (badness 2486) in paragraph at lines 910--915
 \OT1/ptm/m/it/10 (+20) e) Tag con-trol in-ter-face.: [][] \OT1/ptm/m/n/10 (+20
) The TagFS con-trol file
 []


Underfull \hbox (badness 5036) in paragraph at lines 923--929
\OT1/ptm/m/n/10 (+20) the rel-a-tive path to an in-ode ID by walk-ing sled
 []


Underfull \hbox (badness 6157) in paragraph at lines 938--946
\OT1/ptm/m/n/10 (+20) checks \OT1/pcr/m/n/10 file_path.exists() \OT1/ptm/m/n/10
 (+20) and skips the write
 []


Underfull \hbox (badness 6675) in paragraph at lines 938--946
\OT1/ptm/m/n/10 (+20) if the blob is al-ready present. A crash af-ter the
 []


Underfull \hbox (badness 10000) in paragraph at lines 950--952
[]\OT1/ptm/m/n/10 (+20) For each chunk bound-ary:
 []


Underfull \hbox (badness 10000) in paragraph at lines 950--952
\OT1/pcr/m/n/10 storage.write_chunk(buffer) \OT1/ptm/m/n/10 (+20) (CAS blob
 []


Underfull \hbox (badness 10000) in paragraph at lines 952--954
[]\OT1/pcr/m/n/10 save_recipe(inode_id, &recipe) $\OMS/cmsy/m/n/10 !$
 []


Underfull \hbox (badness 10000) in paragraph at lines 965--974
 \OT1/ptm/m/it/10 (+20) c) Meta-data mu-ta-tions.: [][] \OT1/ptm/m/n/10 (+20) E
v-ery call to
 []


Underfull \hbox (badness 4403) in paragraph at lines 965--974
\OT1/pcr/m/n/10 save_inode()\OT1/ptm/m/n/10 (+20) , \OT1/pcr/m/n/10 save_dirent
()\OT1/ptm/m/n/10 (+20) , \OT1/pcr/m/n/10 save_recipe()\OT1/ptm/m/n/10 (+20) ,
 []


Underfull \hbox (badness 10000) in paragraph at lines 965--974
\OT1/pcr/m/n/10 set_file_tags()\OT1/ptm/m/n/10 (+20) , \OT1/pcr/m/n/10 delete_f
ile_tags()\OT1/ptm/m/n/10 (+20) , and
 []



LaTeX Font Info:    Font shape `OT1/pcr/m/it' in size <8> not available
(Font)              Font shape `OT1/pcr/m/sl' tried instead on input line 1020.



[8]
Underfull \hbox (badness 10000) in paragraph at lines 1066--1068
[]\OT1/ptm/b/n/10 (+20) ArcFS\OT1/ptm/m/n/10 (+20) : The pro-posed sys-tem, mou
nted with
 []


Underfull \hbox (badness 10000) in paragraph at lines 1066--1068
\OT1/pcr/m/n/10 --storage-dir /path/to/storage \OT1/ptm/m/n/10 (+20) on a
 []


Underfull \hbox (badness 10000) in paragraph at lines 1086--1092
[]\OT1/ptm/m/n/10 (+20) A sep-a-rate \OT1/ptm/b/n/10 (+20) In-tegrity \OT1/ptm/
m/n/10 (+20) class uses de-ter-min-is-tic
 []


Underfull \hbox (badness 3291) in paragraph at lines 1086--1092
\OT1/ptm/m/n/10 (+20) physical-to-logical stor-age ra-tios across four sce-nar-
ios:
 []


Underfull \hbox (badness 7685) in paragraph at lines 1086--1092
\OT1/ptm/m/n/10 (+20) duplicate-file scal-ing, com-pres-sion spec-trum, snap-sh
ot
 []

<figures/arcfs_vs_ext4_by_class.png, id=48, 1517.67pt x 361.35pt>
File: figures/arcfs_vs_ext4_by_class.png Graphic file (type png)
<use figures/arcfs_vs_ext4_by_class.png>
Package pdftex.def Info: figures/arcfs_vs_ext4_by_class.png  used on input line
 1097.
(pdftex.def)             Requested size: 252.0pt x 59.9951pt.
<figures/responsive_per_job_bars.png, id=50, 1300.86pt x 722.7pt>
File: figures/responsive_per_job_bars.png Graphic file (type png)
<use figures/responsive_per_job_bars.png>
Package pdftex.def Info: figures/responsive_per_job_bars.png  used on input lin
e 1108.
(pdftex.def)             Requested size: 252.0pt x 139.9941pt.


<figures/durable_per_job_bars.png, id=51, 1300.86pt x 722.7pt>
File: figures/durable_per_job_bars.png Graphic file (type png)
<use figures/durable_per_job_bars.png>
Package pdftex.def Info: figures/durable_per_job_bars.png  used on input line 1
153.
(pdftex.def)             Requested size: 252.0pt x 139.9941pt.


[9 <./figures/arcfs_vs_ext4_by_class.png> <./figures/responsive_per_job_bars.pn
g>]
Underfull \hbox (badness 3428) in paragraph at lines 1174--1183
\OT1/ptm/m/n/10 (+20) (one \OT1/pcr/m/n/10 fsync \OT1/ptm/m/n/10 (+20) per 4KB 
mod-i-fi-ca-tion), Ar-cFS achieved
 []

<figures/integrity_summary.png, id=59, 1228.59pt x 361.35pt>
File: figures/integrity_summary.png Graphic file (type png)
<use figures/integrity_summary.png>
Package pdftex.def Info: figures/integrity_summary.png  used on input line 1188
.
(pdftex.def)             Requested size: 252.0pt x 74.11581pt.



Underfull \hbox (badness 10000) in paragraph at lines 1210--1215
[]\OT1/ptm/m/n/10 (+20) ArcFS ex-hibits higher wall-clock run-time on
 []

<figures/dedup_curve.png, id=60, 722.7pt x 433.62pt>
File: figures/dedup_curve.png Graphic file (type png)
<use figures/dedup_curve.png>
Package pdftex.def Info: figures/dedup_curve.png  used on input line 1220.
(pdftex.def)             Requested size: 252.0pt x 151.20026pt.
<figures/compression_efficiency.png, id=61, 867.24pt x 433.62pt>
File: figures/compression_efficiency.png Graphic file (type png)
<use figures/compression_efficiency.png>
Package pdftex.def Info: figures/compression_efficiency.png  used on input line
 1251.
(pdftex.def)             Requested size: 252.0pt x 125.998pt.


[10 <./figures/durable_per_job_bars.png> <./figures/integrity_summary.png> <./f
igures/dedup_curve.png>]
<figures/snapshot_growth.png, id=68, 722.7pt x 433.62pt>
File: figures/snapshot_growth.png Graphic file (type png)
<use figures/snapshot_growth.png>
Package pdftex.def Info: figures/snapshot_growth.png  used on input line 1279.
(pdftex.def)             Requested size: 252.0pt x 151.20026pt.


<figures/summary_heatmap.png, id=69, 1204.5pt x 618.05907pt>
File: figures/summary_heatmap.png Graphic file (type png)
<use figures/summary_heatmap.png>
Package pdftex.def Info: figures/summary_heatmap.png  used on input line 1324.
(pdftex.def)             Requested size: 252.0pt x 129.30583pt.


[11 <./figures/compression_efficiency.png> <./figures/snapshot_growth.png> <./f
igures/summary_heatmap.png>]


Underfull \hbox (badness 3029) in paragraph at lines 1472--1486
\OT1/ptm/m/n/10 (+20) the \OT1/pcr/m/n/10 snapshot:\OML/cmm/m/it/10 <\OT1/pcr/m
/n/10 name\OML/cmm/m/it/10 > \OT1/ptm/m/n/10 (+20) sled key; the O($\OML/cmm/m/
it/10 n[]$\OT1/ptm/m/n/10 (+20) ) cloned
 []



[12]
Underfull \hbox (badness 1748) in paragraph at lines 1523--1532
 \OT1/ptm/m/it/10 (+20) g) L7 | Single-threaded FUSE dis-patch.: [][] Im-pact\O
T1/ptm/m/n/10 (+20) :
 []


Underfull \hbox (badness 1515) in paragraph at lines 1523--1532
\OT1/ptm/m/n/10 (+20) and add in-te-rior mu-ta-bil-ity (e.g., \OT1/pcr/m/n/10 D
ashMap \OT1/ptm/m/n/10 (+20) in-stead of
 []




Underfull \hbox (badness 10000) in paragraph at lines 1563--1578
[]\OT1/ptm/m/n/10 (+20) The write-back cache---a
 []


Underfull \hbox (badness 1953) in paragraph at lines 1563--1578
\OT1/ptm/m/n/10 (+20) en-tries by an LRU or-der main-tained in a com-pan-ion
 []


Underfull \hbox (badness 2165) in paragraph at lines 1563--1578
\OT1/ptm/m/n/10 (+20) cross-file hash-state con-tam-i-na-tion. The of-fline gar
bage
 []

(./paper_journal.bbl


Package balance Warning: You have called \balance in second column
(balance)                Columns might not be balanced.

[13])



[14] (./paper_journal.aux)
 ***********
LaTeX2e <2024-11-01> patch level 2
L3 programming layer <2025-01-18>
 ***********
 ) 
Here is how much of TeX's memory you used:
 9344 strings out of 473190
 143664 string characters out of 5715801
 620367 words of memory out of 5000000
 32056 multiletter control sequences out of 15000+600000
 625887 words of font info for 395 fonts, out of 8000000 for 9000
 1141 hyphenation exceptions out of 8191
 57i,10n,65p,1010b,1043s stack positions out of 10000i,1000n,20000p,200000b,200000s
</usr/local/texlive/2025/texmf-dist/fonts/type1/public/amsfonts/cm/cmex10.pfb
></usr/local/texlive/2025/texmf-dist/fonts/type1/public/amsfonts/cm/cmmi10.pfb>
</usr/local/texlive/2025/texmf-dist/fonts/type1/public/amsfonts/cm/cmmi6.pfb></
usr/local/texlive/2025/texmf-dist/fonts/type1/public/amsfonts/cm/cmmi7.pfb></us
r/local/texlive/2025/texmf-dist/fonts/type1/public/amsfonts/cm/cmmi8.pfb></usr/
local/texlive/2025/texmf-dist/fonts/type1/public/amsfonts/cm/cmmi9.pfb></usr/lo
cal/texlive/2025/texmf-dist/fonts/type1/public/amsfonts/cmextra/cmmib9.pfb></us
r/local/texlive/2025/texmf-dist/fonts/type1/public/amsfonts/cm/cmr10.pfb></usr/
local/texlive/2025/texmf-dist/fonts/type1/public/amsfonts/cm/cmr7.pfb></usr/loc
al/texlive/2025/texmf-dist/fonts/type1/public/amsfonts/cm/cmr8.pfb></usr/local/
texlive/2025/texmf-dist/fonts/type1/public/amsfonts/cm/cmsy10.pfb></usr/local/t
exlive/2025/texmf-dist/fonts/type1/public/amsfonts/cm/cmsy7.pfb></usr/local/tex
live/2025/texmf-dist/fonts/type1/public/amsfonts/cm/cmsy8.pfb></usr/local/texli
ve/2025/texmf-dist/fonts/type1/public/amsfonts/cm/cmsy9.pfb></usr/local/texlive
/2025/texmf-dist/fonts/type1/public/amsfonts/cm/cmti10.pfb></usr/local/texlive/
2025/texmf-dist/fonts/type1/urw/courier/ucrb8a.pfb></usr/local/texlive/2025/tex
mf-dist/fonts/type1/urw/courier/ucrr8a.pfb></usr/local/texlive/2025/texmf-dist/
fonts/type1/urw/courier/ucrro8a.pfb></usr/local/texlive/2025/texmf-dist/fonts/t
ype1/urw/times/utmb8a.pfb></usr/local/texlive/2025/texmf-dist/fonts/type1/urw/t
imes/utmbi8a.pfb></usr/local/texlive/2025/texmf-dist/fonts/type1/urw/times/utmr
8a.pfb></usr/local/texlive/2025/texmf-dist/fonts/type1/urw/times/utmri8a.pfb>
Output written on paper_journal.pdf (14 pages, 1138905 bytes).
PDF statistics:
 179 PDF objects out of 1000 (max. 8388607)
 101 compressed objects within 2 object streams
 0 named destinations out of 1000 (max. 500000)
 69161 words of extra memory for PDF output out of 74296 (max. 10000000)

